d:\alexis\documents\oscar\oscar\oscarmain\debug\vc140.pdb
d:\alexis\documents\oscar\oscar\oscarmain\debug\vc140.idb
d:\alexis\documents\oscar\oscar\oscarmain\debug\libimages.nativecodeanalysis.xml
d:\alexis\documents\oscar\oscar\oscarmain\debug\liboutils.nativecodeanalysis.xml
d:\alexis\documents\oscar\oscar\oscarmain\debug\oscarmain.nativecodeanalysis.xml
d:\alexis\documents\oscar\oscar\oscarmain\debug\oscarmain.obj
d:\alexis\documents\oscar\oscar\oscarmain\debug\liboutils.obj
d:\alexis\documents\oscar\oscar\oscarmain\debug\libimages.obj
d:\alexis\documents\oscar\oscar\debug\oscarmain.ilk
d:\alexis\documents\oscar\oscar\debug\oscarmain.exe
d:\alexis\documents\oscar\oscar\debug\oscarmain.pdb
d:\alexis\documents\oscar\oscar\oscarmain\debug\nativecodeanalysis.read.1.tlog
d:\alexis\documents\oscar\oscar\oscarmain\debug\vc.nativecodeanalysis.all.xml
d:\alexis\documents\oscar\oscar\debug\oscarmain.exe.lastcodeanalysissucceeded
d:\alexis\documents\oscar\oscar\oscarmain\debug\oscarmain.tlog\cl.command.1.tlog
d:\alexis\documents\oscar\oscar\oscarmain\debug\oscarmain.tlog\cl.read.1.tlog
d:\alexis\documents\oscar\oscar\oscarmain\debug\oscarmain.tlog\cl.write.1.tlog
d:\alexis\documents\oscar\oscar\oscarmain\debug\oscarmain.tlog\link.command.1.tlog
d:\alexis\documents\oscar\oscar\oscarmain\debug\oscarmain.tlog\link.read.1.tlog
d:\alexis\documents\oscar\oscar\oscarmain\debug\oscarmain.tlog\link.write.1.tlog
